0 info it worked if it ends with ok
1 verbose cli [ 'node', '/usr/bin/npm', 'publish', './' ]
2 info using npm@2.7.5
3 info using node@v0.10.25
4 verbose node symlink /usr/bin/node
5 verbose publish [ './' ]
6 silly cache add args [ './', null ]
7 verbose cache add spec ./
8 silly cache add parsed spec { raw: './',
8 silly cache add   scope: null,
8 silly cache add   name: null,
8 silly cache add   rawSpec: './',
8 silly cache add   spec: '/var/www/html/web-socket-router',
8 silly cache add   type: 'directory' }
9 verbose addLocalDirectory /home/youbim/.npm/web-socket-router/1.1.3/package.tgz not in flight; packing
10 verbose tar pack [ '/home/youbim/.npm/web-socket-router/1.1.3/package.tgz',
10 verbose tar pack   '/var/www/html/web-socket-router' ]
11 verbose tarball /home/youbim/.npm/web-socket-router/1.1.3/package.tgz
12 verbose folder /var/www/html/web-socket-router
13 info prepublish web-socket-router@1.1.3
14 verbose addLocalTarball adding from inside cache /home/youbim/.npm/web-socket-router/1.1.3/package.tgz
15 silly cache afterAdd web-socket-router@1.1.3
16 verbose afterAdd /home/youbim/.npm/web-socket-router/1.1.3/package/package.json not in flight; writing
17 verbose afterAdd /home/youbim/.npm/web-socket-router/1.1.3/package/package.json written
18 silly publish { name: 'web-socket-router',
18 silly publish   version: '1.1.3',
18 silly publish   description: '1.1.4',
18 silly publish   main: 'index.js',
18 silly publish   scripts: { test: 'echo "Error: no test specified" && exit 1' },
18 silly publish   repository:
18 silly publish    { type: 'git',
18 silly publish      url: 'https://github.com/santiiiii/web-socket-router.git' },
18 silly publish   keywords: [ 'websocket', 'client', 'router', 'sever' ],
18 silly publish   author: { name: 'Santiago Roca', email: 'snroca@hotmail.com' },
18 silly publish   license: 'ISC',
18 silly publish   bugs: { url: 'https://github.com/santiiiii/web-socket-router/issues' },
18 silly publish   homepage: 'https://github.com/santiiiii/web-socket-router',
18 silly publish   readme: '# web-socket-router\n\nOverview\n--------\nThis is implementation of websocket to provide a clear way to connecto to and from a websocket server. Providing tools such, methods, routes, and filters.\n',
18 silly publish   readmeFilename: 'README.md',
18 silly publish   gitHead: '9193e39dfe58a3632d102c2ce6abc10d679bd4c3',
18 silly publish   _id: 'web-socket-router@1.1.3',
18 silly publish   _shasum: '8761da2c37195cc1c27c4dc0d876737c91e4e2f2',
18 silly publish   _from: '.' }
19 silly mapToRegistry name web-socket-router
20 silly mapToRegistry using default registry
21 silly mapToRegistry registry https://registry.npmjs.org/
22 silly mapToRegistry uri https://registry.npmjs.org/web-socket-router
23 verbose publish registryBase https://registry.npmjs.org/
24 silly publish uploading /home/youbim/.npm/web-socket-router/1.1.3/package.tgz
25 verbose request uri https://registry.npmjs.org/web-socket-router
26 verbose request sending authorization for write operation
27 info attempt registry request try #1 at 12:05:52
28 verbose request using bearer token for auth
29 verbose request id 0328a150f135e4e3
30 http request PUT https://registry.npmjs.org/web-socket-router
31 http 403 https://registry.npmjs.org/web-socket-router
32 verbose headers { 'content-type': 'application/json',
32 verbose headers   'cache-control': 'max-age=300',
32 verbose headers   'content-length': '95',
32 verbose headers   'accept-ranges': 'bytes',
32 verbose headers   date: 'Thu, 14 Jan 2016 15:05:50 GMT',
32 verbose headers   via: '1.1 varnish',
32 verbose headers   connection: 'keep-alive',
32 verbose headers   'x-served-by': 'cache-sjc3133-SJC',
32 verbose headers   'x-cache': 'MISS',
32 verbose headers   'x-cache-hits': '0',
32 verbose headers   'x-timer': 'S1452783950.312720,VS0,VE275' }
33 verbose request invalidating /home/youbim/.npm/registry.npmjs.org/web-socket-router on PUT
34 error publish Failed PUT 403
35 verbose stack Error: "You cannot publish over the previously published version 1.1.3." : web-socket-router
35 verbose stack     at CachingRegistryClient.<anonymous> (/usr/lib/node_modules/npm/node_modules/npm-registry-client/lib/request.js:247:14)
35 verbose stack     at Request._callback (/usr/lib/node_modules/npm/node_modules/npm-registry-client/lib/request.js:170:14)
35 verbose stack     at Request.self.callback (/usr/lib/node_modules/npm/node_modules/request/request.js:360:22)
35 verbose stack     at Request.EventEmitter.emit (events.js:98:17)
35 verbose stack     at Request.<anonymous> (/usr/lib/node_modules/npm/node_modules/request/request.js:1202:14)
35 verbose stack     at Request.EventEmitter.emit (events.js:117:20)
35 verbose stack     at IncomingMessage.<anonymous> (/usr/lib/node_modules/npm/node_modules/request/request.js:1150:12)
35 verbose stack     at IncomingMessage.EventEmitter.emit (events.js:117:20)
35 verbose stack     at _stream_readable.js:920:16
35 verbose stack     at process._tickCallback (node.js:415:13)
36 verbose statusCode 403
37 verbose pkgid web-socket-router
38 verbose cwd /var/www/html/web-socket-router
39 error Linux 3.13.0-71-generic
40 error argv "node" "/usr/bin/npm" "publish" "./"
41 error node v0.10.25
42 error npm  v2.7.5
43 error code E403
44 error "You cannot publish over the previously published version 1.1.3." : web-socket-router
45 error If you need help, you may report this error at:
45 error     <https://github.com/npm/npm/issues>
46 verbose exit [ 1, true ]
